Le héros avance de 7 pas. Position actuelle : 7
Le héros rencontre un Gangster
Le héros avance de 1 pas. Position actuelle : 8
Le héros rencontre un Gangster
Le héros avance de 3 pas. Position actuelle : 11
Le héros rencontre un Gangster
Le héros avance de 5 pas. Position actuelle : 16
Le héros rencontre un Catcheur
Le héros avance de 7 pas. Position actuelle : 20
Le héros rencontre un Brigand
Le héros atteint la fin de la carte. Victoire !
Le héros avance de 3 pas. Position actuelle : 3
Le héros rencontre un Brigand
Le héros avance de 1 pas. Position actuelle : 4
Le héros rencontre un Gangster
Le héros avance de 3 pas. Position actuelle : 7
Le héros rencontre un Gangster
Le héros avance de 3 pas. Position actuelle : 10
Le héros rencontre un Brigand
Le héros atteint la fin de la carte. Victoire !
Le héros avance de 3 pas. Position actuelle : 3
Le héros rencontre un Catcheur
Le héros avance de 3 pas. Position actuelle : 6
Le héros rencontre un Catcheur
Le héros avance de 2 pas. Position actuelle : 8
Le héros rencontre un Gangster
Le héros avance de 2 pas. Position actuelle : 10
Le héros rencontre un Catcheur
Le héros atteint la fin de la carte. Victoire !
Le héros avance de 6 pas. Position actuelle : 6
Le héros rencontre un Brigand
Le héros avance de 5 pas. Position actuelle : 11
Le héros rencontre un Brigand
Le héros avance de 3 pas. Position actuelle : 14
Le héros rencontre un Catcheur
Le héros avance de 6 pas. Position actuelle : 15
Le héros rencontre un Catcheur
Le héros atteint la fin de la carte. Victoire !
Le héros avance de 1 pas. Position actuelle : 1
Le héros rencontre un Gangster
Le héros avance de 2 pas. Position actuelle : 3
Le héros rencontre un Gangster
Le héros avance de 2 pas. Position actuelle : 5
Le héros rencontre un Brigand
Le héros avance de 1 pas. Position actuelle : 6
Le héros rencontre un Brigand
Le héros avance de 2 pas. Position actuelle : 8
Le héros rencontre un Brigand
Le héros avance de 3 pas. Position actuelle : 10
Le héros rencontre un Gangster
Le héros atteint la fin de la carte. Victoire !
Le héros avance de 1 pas. Position actuelle : 1
Le héros rencontre un Catcheur
Le héros avance de 1 pas. Position actuelle : 2
Le héros rencontre un Gangster
Le héros avance de 3 pas. Position actuelle : 5
Le héros rencontre un Catcheur
Le héros avance de 2 pas. Position actuelle : 7
Le héros rencontre un Gangster
Le héros avance de 1 pas. Position actuelle : 8
Le héros rencontre un Gangster
Le héros avance de 3 pas. Position actuelle : 10
Le héros rencontre un Gangster
Le héros atteint la fin de la carte. Victoire !
Le héros avance de 1 pas. Position actuelle : 1
Le héros rencontre un Catcheur
Le héros avance de 1 pas. Position actuelle : 2
Le héros rencontre un Catcheur
Le héros avance de 5 pas. Position actuelle : 7
Le héros rencontre un Brigand
Le héros avance de 6 pas. Position actuelle : 13
Le héros rencontre un Catcheur
Le héros avance de 4 pas. Position actuelle : 15
Le héros rencontre un Catcheur
Le héros atteint la fin de la carte. Victoire !
Le héros avance de 3 pas. Position actuelle : 3
Le héros rencontre un Catcheur
Le héros avance de 1 pas. Position actuelle : 4
Le héros rencontre un Catcheur
Le héros avance de 1 pas. Position actuelle : 5
Le héros rencontre un Gangster
Le héros avance de 2 pas. Position actuelle : 7
Le héros rencontre un Catcheur
Le héros avance de 3 pas. Position actuelle : 10
Le héros rencontre un Gangster
Le héros atteint la fin de la carte. Victoire !
Le héros avance de 7 pas. Position actuelle : 7
Le héros rencontre un Brigand
Le héros avance de 1 pas. Position actuelle : 8
Le héros rencontre un Brigand
Le héros avance de 3 pas. Position actuelle : 11
Le héros rencontre un Gangster
Le héros avance de 4 pas. Position actuelle : 15
Le héros rencontre un Gangster
Le héros avance de 2 pas. Position actuelle : 17
Le héros rencontre un Brigand
Le héros avance de 5 pas. Position actuelle : 20
Le héros rencontre un Brigand
Le héros atteint la fin de la carte. Victoire !
Le héros avance de 3 pas. Position actuelle : 3
Le héros rencontre un Brigand
Le héros avance de 5 pas. Position actuelle : 8
Le héros rencontre un Gangster
Le héros avance de 2 pas. Position actuelle : 10
Le héros rencontre un Gangster
Le héros avance de 2 pas. Position actuelle : 12
Le héros rencontre un Gangster
Le héros atteint la fin de la carte. Victoire !
Le héros avance de 2 pas. Position actuelle : 2
Le héros rencontre un Brigand
Le héros avance de 3 pas. Position actuelle : 5
Le héros rencontre un Catcheur
Le héros avance de 3 pas. Position actuelle : 8
Le héros rencontre un Gangster
Le héros avance de 2 pas. Position actuelle : 10
Le héros rencontre un Catcheur
Le héros atteint la fin de la carte. Victoire !
Le héros avance de 1 pas. Position actuelle : 1
Le héros rencontre un Catcheur
Le héros avance de 3 pas. Position actuelle : 4
Le héros rencontre un Catcheur
Le héros avance de 1 pas. Position actuelle : 5
Le héros rencontre un Catcheur
Le héros avance de 2 pas. Position actuelle : 7
Le héros rencontre un Gangster
Le héros avance de 3 pas. Position actuelle : 10
Le héros rencontre un Gangster
Le héros atteint la fin de la carte. Victoire !
Le héros avance de 1 pas. Position actuelle : 1
Le héros rencontre un Catcheur
Le héros avance de 6 pas. Position actuelle : 7
Le héros rencontre un Catcheur
Le héros avance de 4 pas. Position actuelle : 11
Le héros rencontre un Gangster
Le héros avance de 2 pas. Position actuelle : 13
Le héros rencontre un Gangster
Le héros avance de 6 pas. Position actuelle : 15
Le héros rencontre un Gangster
Le héros atteint la fin de la carte. Victoire !
Le héros avance de 5 pas. Position actuelle : 5
Le héros rencontre un Catcheur
Le héros avance de 4 pas. Position actuelle : 9
Le héros rencontre un Catcheur
Le héros avance de 4 pas. Position actuelle : 12
Le héros rencontre un Gangster
Le héros atteint la fin de la carte. Victoire !
Le héros avance de 1 pas. Position actuelle : 1
Le héros rencontre un Gangster
Le héros avance de 1 pas. Position actuelle : 2
Le héros rencontre un Brigand
Le héros avance de 3 pas. Position actuelle : 5
Le héros rencontre un Catcheur
Le héros avance de 3 pas. Position actuelle : 8
Le héros rencontre un Brigand
Le héros avance de 2 pas. Position actuelle : 10
Le héros rencontre un Catcheur
Le héros atteint la fin de la carte. Victoire !
Le héros avance de 5 pas. Position actuelle : 5
Le héros rencontre un Brigand
Le héros avance de 3 pas. Position actuelle : 8
Le héros rencontre un Gangster
Le héros avance de 5 pas. Position actuelle : 13
Le héros rencontre un Gangster
Le héros avance de 3 pas. Position actuelle : 15
Le héros rencontre un Brigand
Le héros atteint la fin de la carte. Victoire !
Le héros avance de 1 pas. Position actuelle : 1
Le héros rencontre un Gangster
Le héros avance de 4 pas. Position actuelle : 5
Le héros rencontre un Gangster
Le héros avance de 2 pas. Position actuelle : 7
Le héros rencontre un Brigand
Le héros avance de 5 pas. Position actuelle : 12
Le héros rencontre un Catcheur
Le héros atteint la fin de la carte. Victoire !
Le héros avance de 3 pas. Position actuelle : 3
Le héros rencontre un Catcheur
Le héros avance de 6 pas. Position actuelle : 9
Le héros rencontre un Gangster
Le héros avance de 7 pas. Position actuelle : 16
Le héros rencontre un Brigand
Le héros avance de 7 pas. Position actuelle : 20
Le héros rencontre un Brigand
Le héros atteint la fin de la carte. Victoire !
Le héros avance de 7 pas. Position actuelle : 7
Le héros rencontre un Brigand
Le héros avance de 2 pas. Position actuelle : 9
Le héros rencontre un Gangster
Le héros avance de 3 pas. Position actuelle : 12
Le héros rencontre un Catcheur
Le héros avance de 4 pas. Position actuelle : 16
Le héros rencontre un Catcheur
Le héros avance de 4 pas. Position actuelle : 20
Le héros rencontre un Catcheur
Le héros atteint la fin de la carte. Victoire !
Le héros avance de 1 pas. Position actuelle : 1
Le héros rencontre un Brigand
Le héros avance de 2 pas. Position actuelle : 3
Le héros rencontre un Gangster
Le héros avance de 2 pas. Position actuelle : 5
Le héros rencontre un Gangster
Le héros avance de 5 pas. Position actuelle : 10
Le héros rencontre un Catcheur
Le héros avance de 2 pas. Position actuelle : 12
Le héros rencontre un Brigand
Le héros avance de 2 pas. Position actuelle : 2
Le héros rencontre un Gangster
Le héros avance de 1 pas. Position actuelle : 3
Le héros rencontre un Brigand
Le héros avance de 1 pas. Position actuelle : 4
Le héros rencontre un Catcheur
Le héros avance de 1 pas. Position actuelle : 5
Le héros rencontre un Catcheur
Le héros avance de 3 pas. Position actuelle : 8
Le héros rencontre un Gangster
Le héros avance de 2 pas. Position actuelle : 10
Le héros rencontre un Catcheur
Le héros atteint la fin de la carte. Victoire !
Le héros avance de 6 pas. Position actuelle : 6
Black Widow is prepared to attack 1 times the enemies.
Le héros avance de 4 pas. Position actuelle : 10
Black Widow is prepared to attack 4 times the enemies.
Le héros avance de 2 pas. Position actuelle : 12
Black Widow is prepared to attack 4 times the enemies.
Le héros avance de 4 pas. Position actuelle : 16
Black Widow is prepared to attack 5 times the enemies.
Le héros avance de 7 pas. Position actuelle : 20
Black Widow is prepared to attack 2 times the enemies.
Le héros avance de 1 pas. Position actuelle : 1
Iron Man is prepared to attack 3 times the enemies.
Le héros avance de 1 pas. Position actuelle : 2
Iron Man is prepared to attack 1 times the enemies.
Le héros avance de 1 pas. Position actuelle : 3
Iron Man is prepared to attack 5 times the enemies.
Le héros avance de 1 pas. Position actuelle : 4
Iron Man is prepared to attack 4 times the enemies.
Le héros avance de 3 pas. Position actuelle : 7
Iron Man is prepared to attack 3 times the enemies.
Le héros avance de 1 pas. Position actuelle : 8
Iron Man is prepared to attack 3 times the enemies.
Le héros avance de 1 pas. Position actuelle : 9
Iron Man is prepared to attack 3 times the enemies.
Le héros avance de 3 pas. Position actuelle : 10
Iron Man is prepared to attack 4 times the enemies.
Le héros avance de 3 pas. Position actuelle : 3
Spider-Man is prepared to attack 5 times the enemies.
Le héros avance de 1 pas. Position actuelle : 4
Spider-Man is prepared to attack 5 times the enemies.
Le héros avance de 2 pas. Position actuelle : 6
Spider-Man is prepared to attack 2 times the enemies.
Le héros avance de 2 pas. Position actuelle : 8
Spider-Man is prepared to attack 5 times the enemies.
Le héros avance de 1 pas. Position actuelle : 9
Spider-Man is prepared to attack 1 times the enemies.
Le héros avance de 2 pas. Position actuelle : 10
Spider-Man is prepared to attack 3 times the enemies.
Le héros avance de 3 pas. Position actuelle : 3
Iron Man is prepared to attack 5 times the enemies.
Le héros avance de 3 pas. Position actuelle : 6
Iron Man is prepared to attack 4 times the enemies.
Iron Man is prepared to attack 5 times the enemies.
Le héros avance de 4 pas. Position actuelle : 10
Iron Man is prepared to attack 3 times the enemies.
Iron Man is prepared to attack 5 times the enemies.
Le héros avance de 1 pas. Position actuelle : 11
Iron Man is prepared to attack 3 times the enemies.
Le héros avance de 3 pas. Position actuelle : 12
Iron Man is prepared to attack 4 times the enemies.
Le héros avance de 5 pas. Position actuelle : 5
Spider-Man is prepared to attack 1 times the enemies.
Le héros avance de 2 pas. Position actuelle : 2
Black Widow is prepared to attack 3 times the enemies.
Black Widow is prepared to attack 1 times the enemies.
Black Widow is prepared to attack 2 times the enemies.
Black Widow is prepared to attack 4 times the enemies.
Bien joué ! Black Widow a éliminé tous les ennemis ! Avancons à la case suivante.
Le héros avance de 1 pas. Position actuelle : 3
Black Widow is prepared to attack 4 times the enemies.
Black Widow is prepared to attack 4 times the enemies.
Bien joué ! Black Widow a éliminé tous les ennemis ! Avancons à la case suivante.
Le héros avance de 3 pas. Position actuelle : 6
Black Widow is prepared to attack 1 times the enemies.
Black Widow is prepared to attack 5 times the enemies.
Black Widow is prepared to attack 1 times the enemies.
Black Widow is prepared to attack 4 times the enemies.
Bien joué ! Black Widow a éliminé tous les ennemis ! Avancons à la case suivante.
Le héros avance de 1 pas. Position actuelle : 7
Black Widow is prepared to attack 2 times the enemies.
Black Widow is prepared to attack 3 times the enemies.
Black Widow is prepared to attack 3 times the enemies.
Bien joué ! Black Widow a éliminé tous les ennemis ! Avancons à la case suivante.
Le héros avance de 1 pas. Position actuelle : 8
Black Widow is prepared to attack 4 times the enemies.
Bien joué ! Black Widow a éliminé tous les ennemis ! Avancons à la case suivante.
Le héros avance de 2 pas. Position actuelle : 10
Black Widow is prepared to attack 3 times the enemies.
Black Widow is prepared to attack 3 times the enemies.
Black Widow is prepared to attack 4 times the enemies.
Bien joué ! Black Widow a éliminé tous les ennemis ! Avancons à la case suivante.
Le héros avance de 3 pas. Position actuelle : 3
Le héros avance de 2 pas. Position actuelle : 2
Le héros avance de 5 pas. Position actuelle : 5
Le héros avance de 1 pas. Position actuelle : 1
Thor is prepared to attack 3 times the enemies.
Bien joué ! Thor a éliminé tous les ennemis ! Avancons à la case suivante.
Le héros avance de 1 pas. Position actuelle : 2
Thor is prepared to attack 3 times the enemies.
Bien joué ! Thor a éliminé tous les ennemis ! Avancons à la case suivante.
Le héros avance de 1 pas. Position actuelle : 3
Thor is prepared to attack 2 times the enemies.
Thor is prepared to attack 1 times the enemies.
Thor is prepared to attack 3 times the enemies.
Bien joué ! Thor a éliminé tous les ennemis ! Avancons à la case suivante.
Le héros avance de 1 pas. Position actuelle : 4
Thor is prepared to attack 4 times the enemies.
Bien joué ! Thor a éliminé tous les ennemis ! Avancons à la case suivante.
Le héros avance de 2 pas. Position actuelle : 6
Thor is prepared to attack 5 times the enemies.
Thor is prepared to attack 4 times the enemies.
Bien joué ! Thor a éliminé tous les ennemis ! Avancons à la case suivante.
Le héros avance de 2 pas. Position actuelle : 8
Thor is prepared to attack 1 times the enemies.
Thor is prepared to attack 1 times the enemies.
Thor is prepared to attack 3 times the enemies.
Thor is prepared to attack 4 times the enemies.
Bien joué ! Thor a éliminé tous les ennemis ! Avancons à la case suivante.
Le héros avance de 1 pas. Position actuelle : 9
Thor is prepared to attack 2 times the enemies.
Thor is prepared to attack 5 times the enemies.
Thor is prepared to attack 1 times the enemies.
Bien joué ! Thor a éliminé tous les ennemis ! Avancons à la case suivante.
Le héros avance de 3 pas. Position actuelle : 10
Thor is prepared to attack 4 times the enemies.
Bien joué ! Thor a éliminé tous les ennemis ! Avancons à la case suivante.
Le héros avance de 4 pas. Position actuelle : 4
Black Widow is prepared to attack 2 times the enemies.
Black Widow is prepared to attack 5 times the enemies.
Black Widow is prepared to attack 4 times the enemies.
Bien joué ! Black Widow a éliminé tous les ennemis ! Avancons à la case suivante.
Le héros avance de 5 pas. Position actuelle : 9
Black Widow is prepared to attack 1 times the enemies.
Black Widow is prepared to attack 3 times the enemies.
Bien joué ! Black Widow a éliminé tous les ennemis ! Avancons à la case suivante.
Le héros avance de 6 pas. Position actuelle : 15
Black Widow is prepared to attack 3 times the enemies.
Bien joué ! Black Widow a éliminé tous les ennemis ! Avancons à la case suivante.
Le héros avance de 2 pas. Position actuelle : 2
Spider-Man is prepared to attack 3 times the enemies.
Bien joué ! Spider-Man a éliminé tous les ennemis ! Avancons à la case suivante.
Le héros avance de 4 pas. Position actuelle : 6
Spider-Man is prepared to attack 2 times the enemies.
Spider-Man is prepared to attack 2 times the enemies.
Bien joué ! Spider-Man a éliminé tous les ennemis ! Avancons à la case suivante.
Le héros avance de 4 pas. Position actuelle : 10
Spider-Man is prepared to attack 3 times the enemies.
Bien joué ! Spider-Man a éliminé tous les ennemis ! Avancons à la case suivante.
Le héros avance de 2 pas. Position actuelle : 12
Spider-Man is prepared to attack 3 times the enemies.
Spider-Man is prepared to attack 5 times the enemies.
Bien joué ! Spider-Man a éliminé tous les ennemis ! Avancons à la case suivante.
Le héros avance de 4 pas. Position actuelle : 4
Iron Man is prepared to attack 5 times the enemies.
Bien joué ! Iron Man a éliminé tous les ennemis ! Avancons à la case suivante.
Le héros avance de 4 pas. Position actuelle : 8
Iron Man is prepared to attack 1 times the enemies.
Iron Man is prepared to attack 1 times the enemies.
Iron Man is prepared to attack 5 times the enemies.
Bien joué ! Iron Man a éliminé tous les ennemis ! Avancons à la case suivante.
Le héros avance de 2 pas. Position actuelle : 10
Iron Man is prepared to attack 4 times the enemies.
Iron Man is prepared to attack 1 times the enemies.
Iron Man is prepared to attack 2 times the enemies.
Iron Man is prepared to attack 4 times the enemies.
Bien joué ! Iron Man a éliminé tous les ennemis ! Avancons à la case suivante.
Le héros avance de 3 pas. Position actuelle : 12
Iron Man is prepared to attack 5 times the enemies.
Iron Man is prepared to attack 5 times the enemies.
Bien joué ! Iron Man a éliminé tous les ennemis ! Avancons à la case suivante.
Le héros avance de 1 pas. Position actuelle : 1
Thor is prepared to attack 1 times the enemies.
Thor is prepared to attack 4 times the enemies.
Thor is prepared to attack 2 times the enemies.
Thor is prepared to attack 4 times the enemies.
Bien joué ! Thor a éliminé tous les ennemis ! Avancons à la case suivante.
Le héros avance de 3 pas. Position actuelle : 4
Thor is prepared to attack 1 times the enemies.
Thor is prepared to attack 5 times the enemies.
Bien joué ! Thor a éliminé tous les ennemis ! Avancons à la case suivante.
Le héros avance de 3 pas. Position actuelle : 7
Thor is prepared to attack 5 times the enemies.
Thor is prepared to attack 3 times the enemies.
Bien joué ! Thor a éliminé tous les ennemis ! Avancons à la case suivante.
Le héros avance de 3 pas. Position actuelle : 10
Thor is prepared to attack 2 times the enemies.
Thor is prepared to attack 3 times the enemies.
Thor is prepared to attack 5 times the enemies.
Bien joué ! Thor a éliminé tous les ennemis ! Avancons à la case suivante.
Le héros avance de 6 pas. Position actuelle : 15
Thor is prepared to attack 2 times the enemies.
Thor is prepared to attack 3 times the enemies.
Bien joué ! Thor a éliminé tous les ennemis ! Avancons à la case suivante.
Le héros avance de 4 pas. Position actuelle : 4
Iron Man is prepared to attack 1 times the enemies.
Bien joué ! Iron Man a éliminé tous les ennemis ! Avancons à la case suivante.
Le héros avance de 2 pas. Position actuelle : 6
Iron Man is prepared to attack 2 times the enemies.
Iron Man is prepared to attack 2 times the enemies.
Bien joué ! Iron Man a éliminé tous les ennemis ! Avancons à la case suivante.
Le héros avance de 1 pas. Position actuelle : 7
Iron Man is prepared to attack 4 times the enemies.
Iron Man is prepared to attack 2 times the enemies.
Iron Man is prepared to attack 2 times the enemies.
Bien joué ! Iron Man a éliminé tous les ennemis ! Avancons à la case suivante.
Le héros avance de 2 pas. Position actuelle : 9
Iron Man is prepared to attack 3 times the enemies.
Iron Man is prepared to attack 2 times the enemies.
Iron Man is prepared to attack 1 times the enemies.
Iron Man is prepared to attack 1 times the enemies.
Iron Man is prepared to attack 3 times the enemies.
Bien joué ! Iron Man a éliminé tous les ennemis ! Avancons à la case suivante.
Le héros avance de 4 pas. Position actuelle : 12
Iron Man is prepared to attack 3 times the enemies.
Iron Man is prepared to attack 4 times the enemies.
Iron Man is prepared to attack 1 times the enemies.
Iron Man is prepared to attack 4 times the enemies.
Bien joué ! Iron Man a éliminé tous les ennemis ! Avancons à la case suivante.
Le héros avance de 3 pas. Position actuelle : 3
Iron Man is prepared to attack 4 times the enemies.
Iron Man is prepared to attack 5 times the enemies.
Bien joué ! Iron Man a éliminé tous les ennemis ! Avancons à la case suivante.
Le héros avance de 7 pas. Position actuelle : 10
Iron Man is prepared to attack 4 times the enemies.
Bien joué ! Iron Man a éliminé tous les ennemis ! Avancons à la case suivante.
Le héros avance de 6 pas. Position actuelle : 16
Iron Man is prepared to attack 5 times the enemies.
Bien joué ! Iron Man a éliminé tous les ennemis ! Avancons à la case suivante.
Le héros avance de 2 pas. Position actuelle : 18
Iron Man is prepared to attack 4 times the enemies.
Bien joué ! Iron Man a éliminé tous les ennemis ! Avancons à la case suivante.
Le héros avance de 5 pas. Position actuelle : 20
Iron Man is prepared to attack 4 times the enemies.
Iron Man is prepared to attack 1 times the enemies.
Bien joué ! Iron Man a éliminé tous les ennemis ! Avancons à la case suivante.
Le héros avance de 3 pas. Position actuelle : 3
Iron Man is prepared to attack 3 times the enemies.
Iron Man is prepared to attack 3 times the enemies.
Iron Man is prepared to attack 1 times the enemies.
Bien joué ! Iron Man a éliminé tous les ennemis ! Avancons à la case suivante.
Le héros avance de 5 pas. Position actuelle : 8
Iron Man is prepared to attack 5 times the enemies.
Iron Man is prepared to attack 2 times the enemies.
Iron Man is prepared to attack 3 times the enemies.
Bien joué ! Iron Man a éliminé tous les ennemis ! Avancons à la case suivante.
Le héros avance de 4 pas. Position actuelle : 12
Iron Man is prepared to attack 5 times the enemies.
Iron Man is prepared to attack 2 times the enemies.
Bien joué ! Iron Man a éliminé tous les ennemis ! Avancons à la case suivante.
Le héros avance de 1 pas. Position actuelle : 1
Thor is prepared to attack 3 times the enemies.
Thor is prepared to attack 3 times the enemies.
Bien joué ! Thor a éliminé tous les ennemis ! Avancons à la case suivante.
Le héros avance de 1 pas. Position actuelle : 2
Thor is prepared to attack 3 times the enemies.
Thor is prepared to attack 5 times the enemies.
Bien joué ! Thor a éliminé tous les ennemis ! Avancons à la case suivante.
Le héros avance de 3 pas. Position actuelle : 5
Thor is prepared to attack 2 times the enemies.
Thor is prepared to attack 4 times the enemies.
Bien joué ! Thor a éliminé tous les ennemis ! Avancons à la case suivante.
Le héros avance de 3 pas. Position actuelle : 8
Thor is prepared to attack 1 times the enemies.
Thor is prepared to attack 3 times the enemies.
Thor is prepared to attack 1 times the enemies.
Thor is prepared to attack 5 times the enemies.
Bien joué ! Thor a éliminé tous les ennemis ! Avancons à la case suivante.
Le héros avance de 1 pas. Position actuelle : 9
Thor is prepared to attack 5 times the enemies.
Thor is prepared to attack 1 times the enemies.
Bien joué ! Thor a éliminé tous les ennemis ! Avancons à la case suivante.
Le héros avance de 3 pas. Position actuelle : 10
Thor is prepared to attack 4 times the enemies.
Bien joué ! Thor a éliminé tous les ennemis ! Avancons à la case suivante.
Le héros avance de 3 pas. Position actuelle : 3
Captain America is prepared to attack 2 times the enemies.
Captain America is prepared to attack 5 times the enemies.
Bien joué ! Captain America a éliminé tous les ennemis ! Avancons à la case suivante.
Le héros avance de 2 pas. Position actuelle : 5
Captain America is prepared to attack 4 times the enemies.
Captain America is prepared to attack 1 times the enemies.
Captain America is prepared to attack 2 times the enemies.
Bien joué ! Captain America a éliminé tous les ennemis ! Avancons à la case suivante.
Le héros avance de 5 pas. Position actuelle : 10
Captain America is prepared to attack 2 times the enemies.
Captain America is prepared to attack 1 times the enemies.
Captain America is prepared to attack 5 times the enemies.
Bien joué ! Captain America a éliminé tous les ennemis ! Avancons à la case suivante.
Le héros avance de 5 pas. Position actuelle : 12
Captain America is prepared to attack 1 times the enemies.
Captain America is prepared to attack 1 times the enemies.
Captain America is prepared to attack 3 times the enemies.
Bien joué ! Captain America a éliminé tous les ennemis ! Avancons à la case suivante.
Le héros avance de 2 pas. Position actuelle : 2
Captain America is prepared to attack 3 times the enemies.
Captain America is prepared to attack 3 times the enemies.
Bien joué ! Captain America a éliminé tous les ennemis ! Avancons à la case suivante.
Le héros avance de 3 pas. Position actuelle : 5
Captain America is prepared to attack 1 times the enemies.
Captain America is prepared to attack 1 times the enemies.
Captain America is prepared to attack 4 times the enemies.
Captain America is prepared to attack 5 times the enemies.
Bien joué ! Captain America a éliminé tous les ennemis ! Avancons à la case suivante.
Le héros avance de 3 pas. Position actuelle : 8
Captain America is prepared to attack 4 times the enemies.
Captain America is prepared to attack 1 times the enemies.
Captain America is prepared to attack 2 times the enemies.
Captain America is prepared to attack 4 times the enemies.
Bien joué ! Captain America a éliminé tous les ennemis ! Avancons à la case suivante.
Le héros avance de 3 pas. Position actuelle : 10
Captain America is prepared to attack 3 times the enemies.
Bien joué ! Captain America a éliminé tous les ennemis ! Avancons à la case suivante.
Le héros avance de 3 pas. Position actuelle : 3
Thor se lance et attaque 4 fois ses ennemis.
Thor se lance et attaque 1 fois ses ennemis.
Thor se lance et attaque 4 fois ses ennemis.
Bien joué ! Thor a éliminé tous les ennemis ! Avancons à la case suivante.
Le héros avance de 1 pas. Position actuelle : 4
Thor se lance et attaque 2 fois ses ennemis.
Bien joué ! Thor a éliminé tous les ennemis ! Avancons à la case suivante.
Le héros avance de 1 pas. Position actuelle : 5
Thor se lance et attaque 3 fois ses ennemis.
Thor se lance et attaque 2 fois ses ennemis.
Thor se lance et attaque 1 fois ses ennemis.
Thor se lance et attaque 4 fois ses ennemis.
Bien joué ! Thor a éliminé tous les ennemis ! Avancons à la case suivante.
Le héros avance de 3 pas. Position actuelle : 8
Thor se lance et attaque 5 fois ses ennemis.
Bien joué ! Thor a éliminé tous les ennemis ! Avancons à la case suivante.
Le héros avance de 1 pas. Position actuelle : 9
Thor se lance et attaque 4 fois ses ennemis.
Bien joué ! Thor a éliminé tous les ennemis ! Avancons à la case suivante.
Le héros avance de 3 pas. Position actuelle : 10
Thor se lance et attaque 5 fois ses ennemis.
Thor se lance et attaque 3 fois ses ennemis.
Bien joué ! Thor a éliminé tous les ennemis ! Avancons à la case suivante.
Le héros avance de 4 pas. Position actuelle : 4
Les gangsters attaquent en premier !
Le héros avance de 1 pas. Position actuelle : 1
Les gangsters attaquent en premier !
Thor se lance et attaque 5 fois ses ennemis.
Bien joué ! Thor a éliminé tous les ennemis ! Avancons à la case suivante.
Le héros avance de 5 pas. Position actuelle : 6
Les gangsters attaquent en premier !
Thor se lance et attaque 4 fois ses ennemis.
Bien joué ! Thor a éliminé tous les ennemis ! Avancons à la case suivante.
Le héros avance de 2 pas. Position actuelle : 8
Les gangsters attaquent en premier !
Thor se lance et attaque 3 fois ses ennemis.
Les gangsters attaquent en premier !
Thor se lance et attaque 5 fois ses ennemis.
Bien joué ! Thor a éliminé tous les ennemis ! Avancons à la case suivante.
Le héros avance de 1 pas. Position actuelle : 9
Les gangsters attaquent en premier !
Thor se lance et attaque 5 fois ses ennemis.
Bien joué ! Thor a éliminé tous les ennemis ! Avancons à la case suivante.
Le héros avance de 1 pas. Position actuelle : 10
Les gangsters attaquent en premier !
Thor se lance et attaque 5 fois ses ennemis.
Les gangsters attaquent en premier !
Thor se lance et attaque 1 fois ses ennemis.
Les gangsters attaquent en premier !
Thor se lance et attaque 5 fois ses ennemis.
Bien joué ! Thor a éliminé tous les ennemis ! Avancons à la case suivante.
Le héros avance de 1 pas. Position actuelle : 11
Les gangsters attaquent en premier !
Thor se lance et attaque 4 fois ses ennemis.
Bien joué ! Thor a éliminé tous les ennemis ! Avancons à la case suivante.
Le héros avance de 3 pas. Position actuelle : 14
Les gangsters attaquent en premier !
Thor se lance et attaque 3 fois ses ennemis.
Bien joué ! Thor a éliminé tous les ennemis ! Avancons à la case suivante.
Le héros avance de 6 pas. Position actuelle : 15
Les gangsters attaquent en premier !
Thor se lance et attaque 3 fois ses ennemis.
Les gangsters attaquent en premier !
Thor se lance et attaque 2 fois ses ennemis.
Bien joué ! Thor a éliminé tous les ennemis ! Avancons à la case suivante.
Le héros avance de 2 pas. Position actuelle : 2
Black Widow se lance et attaque 3 fois ses ennemis.
Black Widow se lance et attaque 5 fois ses ennemis.
Bien joué ! Black Widow a éliminé tous les ennemis ! Avancons à la case suivante.
Le héros avance de 2 pas. Position actuelle : 4
Black Widow se lance et attaque 5 fois ses ennemis.
Bien joué ! Black Widow a éliminé tous les ennemis ! Avancons à la case suivante.
Le héros avance de 2 pas. Position actuelle : 6
Black Widow se lance et attaque 2 fois ses ennemis.
Bien joué ! Black Widow a éliminé tous les ennemis ! Avancons à la case suivante.
Le héros avance de 1 pas. Position actuelle : 7
Black Widow se lance et attaque 2 fois ses ennemis.
Bien joué ! Black Widow a éliminé tous les ennemis ! Avancons à la case suivante.
Le héros avance de 2 pas. Position actuelle : 9
Black Widow se lance et attaque 5 fois ses ennemis.
Black Widow se lance et attaque 3 fois ses ennemis.
Bien joué ! Black Widow a éliminé tous les ennemis ! Avancons à la case suivante.
Le héros avance de 3 pas. Position actuelle : 10
Black Widow se lance et attaque 3 fois ses ennemis.
Black Widow se lance et attaque 2 fois ses ennemis.
Black Widow se lance et attaque 4 fois ses ennemis.
Black Widow se lance et attaque 5 fois ses ennemis.
Bien joué ! Black Widow a éliminé tous les ennemis ! Avancons à la case suivante.
Le héros avance de 4 pas. Position actuelle : 4
Thor se lance et attaque 4 fois ses ennemis.
Thor se lance et attaque 1 fois ses ennemis.
Thor se lance et attaque 4 fois ses ennemis.
Bien joué ! Thor a éliminé tous les ennemis ! Avancons à la case suivante.
Le héros avance de 3 pas. Position actuelle : 7
Thor se lance et attaque 5 fois ses ennemis.
Bien joué ! Thor a éliminé tous les ennemis ! Avancons à la case suivante.
Le héros avance de 2 pas. Position actuelle : 9
Thor se lance et attaque 4 fois ses ennemis.
Bien joué ! Thor a éliminé tous les ennemis ! Avancons à la case suivante.
Le héros avance de 5 pas. Position actuelle : 12
Thor se lance et attaque 4 fois ses ennemis.
Thor se lance et attaque 1 fois ses ennemis.
Thor se lance et attaque 4 fois ses ennemis.
Bien joué ! Thor a éliminé tous les ennemis ! Avancons à la case suivante.
Le héros avance de 5 pas. Position actuelle : 5
Iron Man se lance et attaque 5 fois ses ennemis.
Bien joué ! Iron Man a éliminé tous les ennemis ! Avancons à la case suivante.
Le héros avance de 3 pas. Position actuelle : 8
Iron Man se lance et attaque 2 fois ses ennemis.
Iron Man se lance et attaque 5 fois ses ennemis.
Bien joué ! Iron Man a éliminé tous les ennemis ! Avancons à la case suivante.
Le héros avance de 6 pas. Position actuelle : 14
Iron Man se lance et attaque 3 fois ses ennemis.
Iron Man se lance et attaque 3 fois ses ennemis.
Iron Man se lance et attaque 1 fois ses ennemis.
Bien joué ! Iron Man a éliminé tous les ennemis ! Avancons à la case suivante.
Le héros avance de 7 pas. Position actuelle : 20
Iron Man se lance et attaque 5 fois ses ennemis.
Bien joué ! Iron Man a éliminé tous les ennemis ! Avancons à la case suivante.
Le héros avance de 2 pas. Position actuelle : 2
Iron Man se lance et attaque 1 fois ses ennemis.
Bien joué ! Iron Man a éliminé tous les ennemis ! Avancons à la case suivante.
Le héros avance de 2 pas. Position actuelle : 4
Iron Man se lance et attaque 2 fois ses ennemis.
Bien joué ! Iron Man a éliminé tous les ennemis ! Avancons à la case suivante.
Le héros avance de 3 pas. Position actuelle : 7
Iron Man se lance et attaque 4 fois ses ennemis.
Bien joué ! Iron Man a éliminé tous les ennemis ! Avancons à la case suivante.
Le héros avance de 2 pas. Position actuelle : 9
Iron Man se lance et attaque 5 fois ses ennemis.
Le héros avance de 4 pas. Position actuelle : 4
==================================== COMBAT ====================================
Captain America se lance et attaque 2 fois ses ennemis.
==================================== COMBAT ====================================
Captain America se lance et attaque 2 fois ses ennemis.
==================================== COMBAT ====================================
Captain America se lance et attaque 5 fois ses ennemis.
Bien joué ! Captain America a éliminé tous les ennemis ! Avancons à la case suivante.
Le héros avance de 2 pas. Position actuelle : 6
==================================== COMBAT ====================================
Captain America se lance et attaque 1 fois ses ennemis.
==================================== COMBAT ====================================
Captain America se lance et attaque 2 fois ses ennemis.
==================================== COMBAT ====================================
Captain America se lance et attaque 3 fois ses ennemis.
==================================== COMBAT ====================================
Captain America se lance et attaque 4 fois ses ennemis.
Bien joué ! Captain America a éliminé tous les ennemis ! Avancons à la case suivante.
Le héros avance de 1 pas. Position actuelle : 7
==================================== COMBAT ====================================
Captain America se lance et attaque 2 fois ses ennemis.
Le héros avance de 1 pas. Position actuelle : 1
==================================== COMBAT ====================================
Attention ! Les gangsters tirent sur Black Widow
Black Widow se lance et attaque 2 fois ses ennemis.
==================================== COMBAT ====================================
Attention ! Les gangsters tirent sur Black Widow
Black Widow se lance et attaque 4 fois ses ennemis.
==================================== COMBAT ====================================
Attention ! Les gangsters tirent sur Black Widow
Black Widow se lance et attaque 1 fois ses ennemis.
Bien joué ! Black Widow a éliminé tous les ennemis ! Avancons à la case suivante.
Le héros avance de 1 pas. Position actuelle : 2
==================================== COMBAT ====================================
Attention ! Les gangsters tirent sur Black Widow
Black Widow se lance et attaque 4 fois ses ennemis.
==================================== COMBAT ====================================
Attention ! Les gangsters tirent sur Black Widow
Black Widow se lance et attaque 4 fois ses ennemis.
Bien joué ! Black Widow a éliminé tous les ennemis ! Avancons à la case suivante.
Le héros avance de 2 pas. Position actuelle : 4
==================================== COMBAT ====================================
Attention ! Les gangsters tirent sur Black Widow
Black Widow se lance et attaque 3 fois ses ennemis.
Le héros avance de 6 pas. Position actuelle : 6
==================================== COMBAT ====================================
Attention ! Les gangsters tirent sur Black Widow
Black Widow se lance et attaque 1 fois ses ennemis.
==================================== COMBAT ====================================
Attention ! Les gangsters tirent sur Black Widow
Black Widow se lance et attaque 4 fois ses ennemis.
==================================== COMBAT ====================================
Attention ! Les gangsters tirent sur Black Widow
Black Widow se lance et attaque 1 fois ses ennemis.
Le héros avance de 6 pas. Position actuelle : 6
==================================== COMBAT ====================================
Attention ! Les gangsters tirent sur Captain America
Captain America se lance et attaque 5 fois ses ennemis.
==================================== COMBAT ====================================
Attention ! Les gangsters tirent sur Captain America
Captain America se lance et attaque 4 fois ses ennemis.
Bien joué ! Captain America a éliminé tous les ennemis ! Avancons à la case suivante.
Le héros avance de 6 pas. Position actuelle : 12
==================================== COMBAT ====================================
Attention ! Les gangsters tirent sur Captain America
Captain America se lance et attaque 1 fois ses ennemis.
==================================== COMBAT ====================================
Attention ! Les gangsters tirent sur Captain America
Captain America se lance et attaque 3 fois ses ennemis.
==================================== COMBAT ====================================
Attention ! Les gangsters tirent sur Captain America
Captain America se lance et attaque 1 fois ses ennemis.
==================================== COMBAT ====================================
Attention ! Les gangsters tirent sur Captain America
Captain America se lance et attaque 4 fois ses ennemis.
Bien joué ! Captain America a éliminé tous les ennemis ! Avancons à la case suivante.
Le héros avance de 2 pas. Position actuelle : 14
==================================== COMBAT ====================================
Attention ! Les gangsters tirent sur Captain America
Captain America se lance et attaque 5 fois ses ennemis.
==================================== COMBAT ====================================
Attention ! Les gangsters tirent sur Captain America
Captain America se lance et attaque 4 fois ses ennemis.
Bien joué ! Captain America a éliminé tous les ennemis ! Avancons à la case suivante.
Le héros avance de 2 pas. Position actuelle : 16
==================================== COMBAT ====================================
Attention ! Les gangsters tirent sur Captain America
Captain America se lance et attaque 2 fois ses ennemis.
==================================== COMBAT ====================================
Attention ! Les gangsters tirent sur Captain America
Captain America se lance et attaque 3 fois ses ennemis.
Le héros avance de 4 pas. Position actuelle : 4
==================================== COMBAT ====================================
Black Widow se lance et attaque 4 fois ses ennemis.
==================================== COMBAT ====================================
Black Widow se lance et attaque 1 fois ses ennemis.
Bien joué ! Black Widow a éliminé tous les ennemis ! Avancons à la case suivante.
Le héros avance de 2 pas. Position actuelle : 6
==================================== COMBAT ====================================
Black Widow se lance et attaque 5 fois ses ennemis.
Bien joué ! Black Widow a éliminé tous les ennemis ! Avancons à la case suivante.
Le héros avance de 3 pas. Position actuelle : 9
==================================== COMBAT ====================================
Black Widow se lance et attaque 5 fois ses ennemis.
Bien joué ! Black Widow a éliminé tous les ennemis ! Avancons à la case suivante.
Le héros avance de 3 pas. Position actuelle : 12
==================================== COMBAT ====================================
Attention ! Les gangsters tirent sur Black Widow
Black Widow se lance et attaque 1 fois ses ennemis.
==================================== COMBAT ====================================
Attention ! Les gangsters tirent sur Black Widow
Le héros avance de 1 pas. Position actuelle : 1
==================================== COMBAT ====================================
Thor se lance et attaque 5 fois ses ennemis.
Bien joué ! Thor a éliminé tous les ennemis ! Avancons à la case suivante.
Le héros avance de 3 pas. Position actuelle : 4
==================================== COMBAT ====================================
Thor se lance et attaque 3 fois ses ennemis.
Bien joué ! Thor a éliminé tous les ennemis ! Avancons à la case suivante.
Le héros avance de 2 pas. Position actuelle : 6
==================================== COMBAT ====================================
Attention ! Les gangsters tirent sur Thor
Thor se lance et attaque 4 fois ses ennemis.
==================================== COMBAT ====================================
Thor se lance et attaque 5 fois ses ennemis.
Bien joué ! Thor a éliminé tous les ennemis ! Avancons à la case suivante.
Le héros avance de 3 pas. Position actuelle : 9
==================================== COMBAT ====================================
Attention ! Les gangsters tirent sur Thor
Thor se lance et attaque 3 fois ses ennemis.
==================================== COMBAT ====================================
Attention ! Les gangsters tirent sur Thor
Thor se lance et attaque 5 fois ses ennemis.
Bien joué ! Thor a éliminé tous les ennemis ! Avancons à la case suivante.
Le héros avance de 3 pas. Position actuelle : 12
==================================== COMBAT ====================================
Attention ! Les gangsters tirent sur Thor
Thor se lance et attaque 1 fois ses ennemis.
==================================== COMBAT ====================================
Attention ! Les gangsters tirent sur Thor
Thor se lance et attaque 1 fois ses ennemis.
Bien joué ! Thor a éliminé tous les ennemis ! Avancons à la case suivante.
Le héros avance de 1 pas. Position actuelle : 13
==================================== COMBAT ====================================
Thor se lance et attaque 5 fois ses ennemis.
Bien joué ! Thor a éliminé tous les ennemis ! Avancons à la case suivante.
Le héros avance de 1 pas. Position actuelle : 14
==================================== COMBAT ====================================
Attention ! Les gangsters tirent sur Thor
Thor se lance et attaque 4 fois ses ennemis.
==================================== COMBAT ====================================
Attention ! Les gangsters tirent sur Thor
Thor se lance et attaque 5 fois ses ennemis.
Bien joué ! Thor a éliminé tous les ennemis ! Avancons à la case suivante.
Le héros avance de 6 pas. Position actuelle : 20
==================================== COMBAT ====================================
Thor se lance et attaque 1 fois ses ennemis.
GAME OVER
Le héros avance de 3 pas. Position actuelle : 3
==================================== COMBAT ====================================
Spider-Man se lance et attaque 5 fois ses ennemis.
==================================== COMBAT ====================================
Spider-Man se lance et attaque 4 fois ses ennemis.
Bien joué ! Spider-Man a éliminé tous les ennemis ! Avancons à la case suivante.
Le héros avance de 2 pas. Position actuelle : 5
==================================== COMBAT ====================================
Attention ! Les gangsters tirent sur Spider-Man
Spider-Man se lance et attaque 2 fois ses ennemis.
GAME OVER
Le héros avance de 2 pas. Position actuelle : 2
==================================== COMBAT ====================================
Attention ! Les gangsters tirent sur Black Widow
Black Widow se lance et attaque 4 fois ses ennemis.
==================================== COMBAT ====================================
Black Widow se lance et attaque 2 fois ses ennemis.
Bien joué ! Black Widow a éliminé tous les ennemis ! Avancons à la case suivante.
Le héros avance de 3 pas. Position actuelle : 5
==================================== COMBAT ====================================
Attention ! Les gangsters tirent sur Black Widow
Black Widow se lance et attaque 1 fois ses ennemis.
==================================== COMBAT ====================================
Attention ! Les gangsters tirent sur Black Widow
GAME OVER
Le héros avance de 7 pas. Position actuelle : 7
==================================== COMBAT ====================================
Captain America se lance et attaque 1 fois ses ennemis.
==================================== COMBAT ====================================
Captain America se lance et attaque 1 fois ses ennemis.
==================================== COMBAT ====================================
Captain America se lance et attaque 2 fois ses ennemis.
==================================== COMBAT ====================================
Captain America se lance et attaque 5 fois ses ennemis.
Bien joué ! Captain America a éliminé tous les ennemis ! Avancons à la case suivante.
Le héros avance de 3 pas. Position actuelle : 10
==================================== COMBAT ====================================
Captain America se lance et attaque 3 fois ses ennemis.
==================================== COMBAT ====================================
Captain America se lance et attaque 5 fois ses ennemis.
Bien joué ! Captain America a éliminé tous les ennemis ! Avancons à la case suivante.
Le héros avance de 2 pas. Position actuelle : 12
==================================== COMBAT ====================================
Attention ! Les gangsters tirent sur Captain America
Captain America se lance et attaque 5 fois ses ennemis.
Bien joué ! Captain America a éliminé tous les ennemis ! Avancons à la case suivante.
Le héros avance de 2 pas. Position actuelle : 14
==================================== COMBAT ====================================
Attention ! Les gangsters tirent sur Captain America
Captain America se lance et attaque 1 fois ses ennemis.
==================================== COMBAT ====================================
Attention ! Les gangsters tirent sur Captain America
Captain America se lance et attaque 4 fois ses ennemis.
==================================== COMBAT ====================================
Attention ! Les gangsters tirent sur Captain America
GAME OVER
Le héros avance de 6 pas. Position actuelle : 6
==================================== COMBAT ====================================
Attention ! Les gangsters tirent sur Iron Man
Iron Man se lance et attaque 5 fois ses ennemis.
Bien joué ! Iron Man a éliminé tous les ennemis ! Avancons à la case suivante.
Le héros avance de 2 pas. Position actuelle : 8
==================================== COMBAT ====================================
Attention ! Les gangsters tirent sur Iron Man
Iron Man se lance et attaque 2 fois ses ennemis.
==================================== COMBAT ====================================
Attention ! Les gangsters tirent sur Iron Man
Iron Man se lance et attaque 4 fois ses ennemis.
GAME OVER
Le héros avance de 2 pas. Position actuelle : 2
==================================== COMBAT ====================================
Thor se lance et attaque 4 fois ses ennemis.
Bien joué ! Thor a éliminé tous les ennemis ! Avancons à la case suivante.
Le héros avance de 2 pas. Position actuelle : 4
==================================== COMBAT ====================================
Attention ! Les gangsters tirent sur Thor
Thor se lance et attaque 2 fois ses ennemis.
==================================== COMBAT ====================================
Attention ! Les gangsters tirent sur Thor
Thor se lance et attaque 1 fois ses ennemis.
==================================== COMBAT ====================================
Attention ! Les gangsters tirent sur Thor
Thor se lance et attaque 5 fois ses ennemis.
Bien joué ! Thor a éliminé tous les ennemis ! Avancons à la case suivante.
Le héros avance de 1 pas. Position actuelle : 5
==================================== COMBAT ====================================
Thor se lance et attaque 4 fois ses ennemis.
Bien joué ! Thor a éliminé tous les ennemis ! Avancons à la case suivante.
Le héros avance de 2 pas. Position actuelle : 7
==================================== COMBAT ====================================
Attention ! Les gangsters tirent sur Thor
Thor se lance et attaque 4 fois ses ennemis.
Bien joué ! Thor a éliminé tous les ennemis ! Avancons à la case suivante.
Le héros avance de 3 pas. Position actuelle : 10
==================================== COMBAT ====================================
Attention ! Les gangsters tirent sur Thor
Thor se lance et attaque 5 fois ses ennemis.
Bien joué ! Thor a éliminé tous les ennemis ! Avancons à la case suivante.
Le héros avance de 7 pas. Position actuelle : 7
==================================== COMBAT ====================================
Black Widow se lance et attaque 3 fois ses ennemis.
Bien joué ! Black Widow a éliminé tous les ennemis ! Avancons à la case suivante.
Le héros avance de 4 pas. Position actuelle : 11
==================================== COMBAT ====================================
Attention ! Les gangsters tirent sur Black Widow
Black Widow se lance et attaque 5 fois ses ennemis.
==================================== COMBAT ====================================
Attention ! Les gangsters tirent sur Black Widow
Black Widow se lance et attaque 1 fois ses ennemis.
==================================== COMBAT ====================================
Attention ! Les gangsters tirent sur Black Widow
GAME OVER
Le héros avance de 1 pas. Position actuelle : 1
==================================== COMBAT ====================================
Attention ! Les gangsters tirent sur Spider-Man
Spider-Man se lance et attaque 1 fois ses ennemis.
==================================== COMBAT ====================================
Attention ! Les gangsters tirent sur Spider-Man
Spider-Man se lance et attaque 4 fois ses ennemis.
==================================== COMBAT ====================================
Spider-Man se lance et attaque 2 fois ses ennemis.
Bien joué ! Spider-Man a éliminé tous les ennemis ! Avancons à la case suivante.
Le héros avance de 3 pas. Position actuelle : 4
==================================== COMBAT ====================================
Spider-Man se lance et attaque 4 fois ses ennemis.
Bien joué ! Spider-Man a éliminé tous les ennemis ! Avancons à la case suivante.
Le héros avance de 2 pas. Position actuelle : 6
==================================== COMBAT ====================================
Attention ! Les gangsters tirent sur Spider-Man
Spider-Man se lance et attaque 5 fois ses ennemis.
Bien joué ! Spider-Man a éliminé tous les ennemis ! Avancons à la case suivante.
Le héros avance de 3 pas. Position actuelle : 9
==================================== COMBAT ====================================
Attention ! Les gangsters tirent sur Spider-Man
GAME OVER
Le héros avance de 3 pas. Position actuelle : 3
==================================== COMBAT ====================================
Attention ! Les gangsters tirent sur Iron Man
Iron Man se lance et attaque 1 fois ses ennemis.
==================================== COMBAT ====================================
Iron Man se lance et attaque 3 fois ses ennemis.
==================================== COMBAT ====================================
Iron Man se lance et attaque 2 fois ses ennemis.
Bien joué ! Iron Man a éliminé tous les ennemis ! Avancons à la case suivante.
Le héros avance de 7 pas. Position actuelle : 10
==================================== COMBAT ====================================
Iron Man se lance et attaque 4 fois ses ennemis.
==================================== COMBAT ====================================
Iron Man se lance et attaque 2 fois ses ennemis.
Bien joué ! Iron Man a éliminé tous les ennemis ! Avancons à la case suivante.
Le héros avance de 2 pas. Position actuelle : 12
==================================== COMBAT ====================================
Iron Man se lance et attaque 4 fois ses ennemis.
Bien joué ! Iron Man a éliminé tous les ennemis ! Avancons à la case suivante.
Le héros avance de 1 pas. Position actuelle : 13
==================================== COMBAT ====================================
Attention ! Les gangsters tirent sur Iron Man
GAME OVER
Le héros avance de 3 pas. Position actuelle : 3
==================================== COMBAT ====================================
Attention ! Les gangsters tirent sur Captain America
Captain America se lance et attaque 4 fois ses ennemis.
==================================== COMBAT ====================================
Attention ! Les gangsters tirent sur Captain America
Captain America se lance et attaque 3 fois ses ennemis.
==================================== COMBAT ====================================
Attention ! Les gangsters tirent sur Captain America
Captain America se lance et attaque 1 fois ses ennemis.
==================================== COMBAT ====================================
Attention ! Les gangsters tirent sur Captain America
Captain America se lance et attaque 1 fois ses ennemis.
Bien joué ! Captain America a éliminé tous les ennemis ! Avancons à la case suivante.
Le héros avance de 4 pas. Position actuelle : 7
==================================== COMBAT ====================================
Attention ! Les gangsters tirent sur Captain America
Captain America se lance et attaque 2 fois ses ennemis.
==================================== COMBAT ====================================
Attention ! Les gangsters tirent sur Captain America
GAME OVER
Le héros avance de 2 pas. Position actuelle : 2
==================================== COMBAT ====================================
Attention ! Les gangsters tirent sur Iron Man
Iron Man se lance et attaque 2 fois ses ennemis.
==================================== COMBAT ====================================
Iron Man se lance et attaque 1 fois ses ennemis.
Bien joué ! Iron Man a éliminé tous les ennemis ! Avancons à la case suivante.
Le héros avance de 6 pas. Position actuelle : 8
==================================== COMBAT ====================================
Attention ! Les gangsters tirent sur Iron Man
Iron Man se lance et attaque 5 fois ses ennemis.
==================================== COMBAT ====================================
Attention ! Les gangsters tirent sur Iron Man
Iron Man se lance et attaque 2 fois ses ennemis.
Bien joué ! Iron Man a éliminé tous les ennemis ! Avancons à la case suivante.
Le héros avance de 5 pas. Position actuelle : 13
==================================== COMBAT ====================================
Attention ! Les gangsters tirent sur Iron Man
Iron Man se lance et attaque 4 fois ses ennemis.
Bien joué ! Iron Man a éliminé tous les ennemis ! Avancons à la case suivante.
Le héros avance de 2 pas. Position actuelle : 15
==================================== COMBAT ====================================
Iron Man se lance et attaque 3 fois ses ennemis.
GAME OVER
Le héros avance de 4 pas. Position actuelle : 4
==================================== COMBAT ====================================
Attention ! Les gangsters tirent sur Black Widow
Black Widow se lance et attaque 3 fois ses ennemis.
==================================== COMBAT ====================================
Attention ! Les gangsters tirent sur Black Widow
Black Widow se lance et attaque 5 fois ses ennemis.
GAME OVER
Le héros avance de 1 pas. Position actuelle : 1
==================================== COMBAT ====================================
Attention ! Les gangsters tirent sur Captain America
Captain America se lance et attaque 2 fois ses ennemis.
Bien joué ! Captain America a éliminé tous les ennemis ! Avancons à la case suivante.
Le héros avance de 2 pas. Position actuelle : 3
==================================== COMBAT ====================================
Attention ! Les gangsters tirent sur Captain America
Captain America se lance et attaque 2 fois ses ennemis.
==================================== COMBAT ====================================
Attention ! Les gangsters tirent sur Captain America
Captain America se lance et attaque 2 fois ses ennemis.
==================================== COMBAT ====================================
Attention ! Les gangsters tirent sur Captain America
Captain America se lance et attaque 3 fois ses ennemis.
==================================== COMBAT ====================================
Attention ! Les gangsters tirent sur Captain America
GAME OVER
Le héros avance de 7 pas. Position actuelle : 7
==================================== COMBAT ====================================
Attention ! Les gangsters tirent sur Thor
Thor se lance et attaque 4 fois ses ennemis.
Bien joué ! Thor a éliminé tous les ennemis ! Avancons à la case suivante.
Le héros avance de 4 pas. Position actuelle : 11
==================================== COMBAT ====================================
Attention ! Les gangsters tirent sur Thor
Thor se lance et attaque 4 fois ses ennemis.
Bien joué ! Thor a éliminé tous les ennemis ! Avancons à la case suivante.
Le héros avance de 4 pas. Position actuelle : 15
==================================== COMBAT ====================================
Attention ! Les gangsters tirent sur Thor
Thor se lance et attaque 1 fois ses ennemis.
==================================== COMBAT ====================================
Attention ! Les gangsters tirent sur Thor
Thor se lance et attaque 4 fois ses ennemis.
==================================== COMBAT ====================================
Attention ! Les gangsters tirent sur Thor
Thor se lance et attaque 1 fois ses ennemis.
==================================== COMBAT ====================================
Attention ! Les gangsters tirent sur Thor
Thor se lance et attaque 3 fois ses ennemis.
Bien joué ! Thor a éliminé tous les ennemis ! Avancons à la case suivante.
Le héros avance de 5 pas. Position actuelle : 20
==================================== COMBAT ====================================
Thor se lance et attaque 5 fois ses ennemis.
GAME OVER
OOPS ! Vous êtes morts comme une merde !
Le héros avance de 7 pas. Position actuelle : 7
==================================== COMBAT ====================================
Thor se lance et attaque 2 fois ses ennemis.
Bien joué ! Thor a éliminé tous les ennemis ! Avancons à la case suivante.
Le héros avance de 5 pas. Position actuelle : 12
==================================== COMBAT ====================================
Attention ! Les gangsters tirent sur Thor
Thor se lance et attaque 3 fois ses ennemis.
==================================== COMBAT ====================================
Attention ! Les gangsters tirent sur Thor
Thor se lance et attaque 2 fois ses ennemis.
==================================== COMBAT ====================================
Attention ! Les gangsters tirent sur Thor
Thor se lance et attaque 2 fois ses ennemis.
Bien joué ! Thor a éliminé tous les ennemis ! Avancons à la case suivante.
Le héros avance de 4 pas. Position actuelle : 16
==================================== COMBAT ====================================
Attention ! Les gangsters tirent sur Thor
Thor se lance et attaque 1 fois ses ennemis.
==================================== COMBAT ====================================
Attention ! Les gangsters tirent sur Thor
Thor se lance et attaque 1 fois ses ennemis.
==================================== COMBAT ====================================
Attention ! Les gangsters tirent sur Thor
Thor se lance et attaque 4 fois ses ennemis.
Bien joué ! Thor a éliminé tous les ennemis ! Avancons à la case suivante.
Le héros avance de 1 pas. Position actuelle : 17
==================================== COMBAT ====================================
Attention ! Les gangsters tirent sur Thor
GAME OVER
OOPS ! Vous êtes morts comme une merde !
Le héros avance de 6 pas. Position actuelle : 6
==================================== COMBAT ====================================
Attention ! Les gangsters tirent sur Thor
Thor se lance et attaque 4 fois ses ennemis.
Bien joué ! Thor a éliminé tous les ennemis ! Avancons à la case suivante.
Le héros avance de 5 pas. Position actuelle : 11
==================================== COMBAT ====================================
Thor se lance et attaque 1 fois ses ennemis.
==================================== COMBAT ====================================
Thor se lance et attaque 5 fois ses ennemis.
Bien joué ! Thor a éliminé tous les ennemis ! Avancons à la case suivante.
Le héros avance de 7 pas. Position actuelle : 18
==================================== COMBAT ====================================
Thor se lance et attaque 5 fois ses ennemis.
Bien joué ! Thor a éliminé tous les ennemis ! Avancons à la case suivante.
Le héros avance de 7 pas. Position actuelle : 20
==================================== COMBAT ====================================
Attention ! Les gangsters tirent sur Thor
Thor se lance et attaque 1 fois ses ennemis.
==================================== COMBAT ====================================
Attention ! Les gangsters tirent sur Thor
Thor se lance et attaque 4 fois ses ennemis.
==================================== COMBAT ====================================
Attention ! Les gangsters tirent sur Thor
Thor se lance et attaque 4 fois ses ennemis.
Bien joué ! Thor a éliminé tous les ennemis ! Avancons à la case suivante.
Bravo ! Vous avez abattu le glaive de la justice sur vos ennemis ! Vous avez gagné le jeu !
Le héros avance de 1 pas. Position actuelle : 1
==================================== COMBAT ====================================
Attention ! Les gangsters tirent sur Iron Man
Iron Man se lance et attaque 3 fois ses ennemis.
==================================== COMBAT ====================================
Attention ! Les gangsters tirent sur Iron Man
Iron Man se lance et attaque 4 fois ses ennemis.
Bien joué ! Iron Man a éliminé tous les ennemis ! Avancons à la case suivante.
Le héros avance de 2 pas. Position actuelle : 3
==================================== COMBAT ====================================
Attention ! Les gangsters tirent sur Iron Man
Iron Man se lance et attaque 1 fois ses ennemis.
GAME OVER
OOPS ! Vous êtes morts comme une merde !
